<?xml version="1.0" encoding="UTF-8"?>
<!-- Generated by org.testng.reporters.JUnitReportReporter -->
<testsuite hostname="DESKTOP-8NEVVBR" failures="0" tests="1" name="practice.CustomerTest" time="0.015" errors="0" timestamp="2022-09-20T18:42:01 IST" skipped="0">
  <testcase classname="practice.CustomerTest" name="testingTest" time="0.015"/>
  <system-out/>
</testsuite> <!-- practice.CustomerTest -->
